{"message":"::1 - - [21/Nov/2019:14:49:30 +0000] \"OPTIONS /api/process/user HTTP/1.1\" 204 0 \"http://localhost:3000/dashboard/process-services/new\" \"Mozilla/5.0 (Windows NT 10.0; Win64; x64) AppleWebKit/537.36 (KHTML, like Gecko) Chrome/78.0.3904.97 Safari/537.36\"\n","level":"info"}
{"message":"::1 - - [21/Nov/2019:14:49:30 +0000] \"OPTIONS /api/engines/user HTTP/1.1\" 204 0 \"http://localhost:3000/dashboard/process-services/new\" \"Mozilla/5.0 (Windows NT 10.0; Win64; x64) AppleWebKit/537.36 (KHTML, like Gecko) Chrome/78.0.3904.97 Safari/537.36\"\n","level":"info"}
{"message":"::1 - - [21/Nov/2019:14:49:33 +0000] \"GET /api/process/user HTTP/1.1\" 304 - \"http://localhost:3000/dashboard/process-services/new\" \"Mozilla/5.0 (Windows NT 10.0; Win64; x64) AppleWebKit/537.36 (KHTML, like Gecko) Chrome/78.0.3904.97 Safari/537.36\"\n","level":"info"}
{"message":"::1 - - [21/Nov/2019:14:49:33 +0000] \"OPTIONS /api/process/process HTTP/1.1\" 204 0 \"http://localhost:3000/dashboard/process-services/new\" \"Mozilla/5.0 (Windows NT 10.0; Win64; x64) AppleWebKit/537.36 (KHTML, like Gecko) Chrome/78.0.3904.97 Safari/537.36\"\n","level":"info"}
{"message":"::1 - - [21/Nov/2019:14:49:33 +0000] \"GET /api/process/process HTTP/1.1\" 200 1291 \"http://localhost:3000/dashboard/process-services/new\" \"Mozilla/5.0 (Windows NT 10.0; Win64; x64) AppleWebKit/537.36 (KHTML, like Gecko) Chrome/78.0.3904.97 Safari/537.36\"\n","level":"info"}
{"message":"::1 - - [21/Nov/2019:14:49:33 +0000] \"GET /api/engines/user HTTP/1.1\" 200 35341 \"http://localhost:3000/dashboard/process-services/new\" \"Mozilla/5.0 (Windows NT 10.0; Win64; x64) AppleWebKit/537.36 (KHTML, like Gecko) Chrome/78.0.3904.97 Safari/537.36\"\n","level":"info"}
{"message":"::1 - - [21/Nov/2019:14:50:06 +0000] \"OPTIONS /api/process/quoteFile HTTP/1.1\" 204 0 \"http://localhost:3000/dashboard/process-services/new\" \"Mozilla/5.0 (Windows NT 10.0; Win64; x64) AppleWebKit/537.36 (KHTML, like Gecko) Chrome/78.0.3904.97 Safari/537.36\"\n","level":"info"}
{"message":"::1 - - [21/Nov/2019:14:50:14 +0000] \"POST /api/process/quoteFile HTTP/1.1\" 500 12 \"http://localhost:3000/dashboard/process-services/new\" \"Mozilla/5.0 (Windows NT 10.0; Win64; x64) AppleWebKit/537.36 (KHTML, like Gecko) Chrome/78.0.3904.97 Safari/537.36\"\n","level":"info"}
{"message":"::1 - - [21/Nov/2019:15:01:09 +0000] \"OPTIONS /api/process/quoteFile HTTP/1.1\" 204 0 \"http://localhost:3000/dashboard/process-services/new\" \"Mozilla/5.0 (Windows NT 10.0; Win64; x64) AppleWebKit/537.36 (KHTML, like Gecko) Chrome/78.0.3904.97 Safari/537.36\"\n","level":"info"}
{"message":"Its log, log, log","level":"error"}
{"message":"::1 - - [21/Nov/2019:15:01:50 +0000] \"POST /api/process/quoteFile HTTP/1.1\" 500 12 \"http://localhost:3000/dashboard/process-services/new\" \"Mozilla/5.0 (Windows NT 10.0; Win64; x64) AppleWebKit/537.36 (KHTML, like Gecko) Chrome/78.0.3904.97 Safari/537.36\"\n","level":"info"}
{"message":"::1 - - [21/Nov/2019:15:04:26 +0000] \"OPTIONS /api/process/quoteFile HTTP/1.1\" 204 0 \"http://localhost:3000/dashboard/process-services/new\" \"Mozilla/5.0 (Windows NT 10.0; Win64; x64) AppleWebKit/537.36 (KHTML, like Gecko) Chrome/78.0.3904.97 Safari/537.36\"\n","level":"info"}
{"message":"message: Cannot read property 'fileId' of undefined\n                 method : quoteFile\n                 line   : 905\n  ","level":"error"}
{"message":"::1 - - [21/Nov/2019:15:04:28 +0000] \"POST /api/process/quoteFile HTTP/1.1\" 500 12 \"http://localhost:3000/dashboard/process-services/new\" \"Mozilla/5.0 (Windows NT 10.0; Win64; x64) AppleWebKit/537.36 (KHTML, like Gecko) Chrome/78.0.3904.97 Safari/537.36\"\n","level":"info"}
{"message":"::1 - - [21/Nov/2019:15:07:50 +0000] \"OPTIONS /api/process/quoteFile HTTP/1.1\" 204 0 \"http://localhost:3000/dashboard/process-services/new\" \"Mozilla/5.0 (Windows NT 10.0; Win64; x64) AppleWebKit/537.36 (KHTML, like Gecko) Chrome/78.0.3904.97 Safari/537.36\"\n","level":"info"}
{"message":"message: Cannot read property 'fileId' of undefined","level":"error"}
{"message":"method: quoteFile","level":"error"}
{"message":"line: 905","level":"error"}
{"message":"::1 - - [21/Nov/2019:15:07:52 +0000] \"POST /api/process/quoteFile HTTP/1.1\" 500 12 \"http://localhost:3000/dashboard/process-services/new\" \"Mozilla/5.0 (Windows NT 10.0; Win64; x64) AppleWebKit/537.36 (KHTML, like Gecko) Chrome/78.0.3904.97 Safari/537.36\"\n","level":"info"}
{"message":"::1 - - [21/Nov/2019:15:08:33 +0000] \"OPTIONS /api/process/quoteFile HTTP/1.1\" 204 0 \"http://localhost:3000/dashboard/process-services/new\" \"Mozilla/5.0 (Windows NT 10.0; Win64; x64) AppleWebKit/537.36 (KHTML, like Gecko) Chrome/78.0.3904.97 Safari/537.36\"\n","level":"info"}
{"message":"message: Cannot read property 'fileId' of undefined","level":"warn"}
{"message":"method: quoteFile","level":"warn"}
{"message":"line: 905","level":"warn"}
{"message":"::1 - - [21/Nov/2019:15:08:36 +0000] \"POST /api/process/quoteFile HTTP/1.1\" 500 12 \"http://localhost:3000/dashboard/process-services/new\" \"Mozilla/5.0 (Windows NT 10.0; Win64; x64) AppleWebKit/537.36 (KHTML, like Gecko) Chrome/78.0.3904.97 Safari/537.36\"\n","level":"info"}
{"message":"::1 - - [21/Nov/2019:15:49:21 +0000] \"OPTIONS /api/process/quoteFile HTTP/1.1\" 204 0 \"http://localhost:3000/dashboard/process-services/new\" \"Mozilla/5.0 (Windows NT 10.0; Win64; x64) AppleWebKit/537.36 (KHTML, like Gecko) Chrome/78.0.3904.97 Safari/537.36\"\n","level":"info"}
{"message":"message: Cannot read property 'fileId' of undefined","level":"warn"}
{"message":"method: quoteFile","level":"warn"}
{"message":"line: 905","level":"warn"}
{"message":"::1 - - [21/Nov/2019:15:49:23 +0000] \"POST /api/process/quoteFile HTTP/1.1\" 500 12 \"http://localhost:3000/dashboard/process-services/new\" \"Mozilla/5.0 (Windows NT 10.0; Win64; x64) AppleWebKit/537.36 (KHTML, like Gecko) Chrome/78.0.3904.97 Safari/537.36\"\n","level":"info"}
{"message":"::1 - - [21/Nov/2019:15:50:20 +0000] \"OPTIONS /api/process/quoteFile HTTP/1.1\" 204 0 \"http://localhost:3000/dashboard/process-services/new\" \"Mozilla/5.0 (Windows NT 10.0; Win64; x64) AppleWebKit/537.36 (KHTML, like Gecko) Chrome/78.0.3904.97 Safari/537.36\"\n","level":"info"}
{"message":"message: Cannot read property 'fileId' of undefined","level":"error"}
{"message":"method: quoteFile","level":"error"}
{"message":"line: 905","level":"error"}
{"message":"::1 - - [21/Nov/2019:15:51:03 +0000] \"POST /api/process/quoteFile HTTP/1.1\" 500 12 \"http://localhost:3000/dashboard/process-services/new\" \"Mozilla/5.0 (Windows NT 10.0; Win64; x64) AppleWebKit/537.36 (KHTML, like Gecko) Chrome/78.0.3904.97 Safari/537.36\"\n","level":"info"}
{"message":"::1 - - [21/Nov/2019:15:52:30 +0000] \"OPTIONS /api/process/quoteFile HTTP/1.1\" 204 0 \"http://localhost:3000/dashboard/process-services/new\" \"Mozilla/5.0 (Windows NT 10.0; Win64; x64) AppleWebKit/537.36 (KHTML, like Gecko) Chrome/78.0.3904.97 Safari/537.36\"\n","level":"info"}
{"message":"::ffff:127.0.0.1 - - [21/Nov/2019:15:53:10 +0000] \"POST /api/process/quoteFile HTTP/1.1\" 200 13 \"http://localhost:3000/dashboard/process-services/new\" \"Mozilla/5.0 (Windows NT 10.0; Win64; x64) AppleWebKit/537.36 (KHTML, like Gecko) Chrome/78.0.3904.97 Safari/537.36\"\n","level":"info"}
{"message":"::1 - - [21/Nov/2019:15:54:41 +0000] \"OPTIONS /api/process/process HTTP/1.1\" 204 0 \"http://localhost:3000/dashboard/process-services/new\" \"Mozilla/5.0 (Windows NT 10.0; Win64; x64) AppleWebKit/537.36 (KHTML, like Gecko) Chrome/78.0.3904.97 Safari/537.36\"\n","level":"info"}
{"message":"::1 - - [21/Nov/2019:15:54:44 +0000] \"GET /api/process/process HTTP/1.1\" 200 1656 \"http://localhost:3000/dashboard/process-services/new\" \"Mozilla/5.0 (Windows NT 10.0; Win64; x64) AppleWebKit/537.36 (KHTML, like Gecko) Chrome/78.0.3904.97 Safari/537.36\"\n","level":"info"}
{"message":"::1 - - [21/Nov/2019:15:54:46 +0000] \"GET /api/process/process HTTP/1.1\" 304 - \"http://localhost:3000/dashboard/process-services/new\" \"Mozilla/5.0 (Windows NT 10.0; Win64; x64) AppleWebKit/537.36 (KHTML, like Gecko) Chrome/78.0.3904.97 Safari/537.36\"\n","level":"info"}
{"message":"::1 - - [21/Nov/2019:15:54:51 +0000] \"OPTIONS /api/process/process HTTP/1.1\" 204 0 \"http://localhost:3000/dashboard/process-services/new\" \"Mozilla/5.0 (Windows NT 10.0; Win64; x64) AppleWebKit/537.36 (KHTML, like Gecko) Chrome/78.0.3904.97 Safari/537.36\"\n","level":"info"}
{"message":"::1 - - [21/Nov/2019:15:54:51 +0000] \"GET /api/process/process HTTP/1.1\" 304 - \"http://localhost:3000/dashboard/process-services/new\" \"Mozilla/5.0 (Windows NT 10.0; Win64; x64) AppleWebKit/537.36 (KHTML, like Gecko) Chrome/78.0.3904.97 Safari/537.36\"\n","level":"info"}
{"message":"::1 - - [21/Nov/2019:15:54:56 +0000] \"GET /api/process/process HTTP/1.1\" 304 - \"http://localhost:3000/dashboard/process-services/new\" \"Mozilla/5.0 (Windows NT 10.0; Win64; x64) AppleWebKit/537.36 (KHTML, like Gecko) Chrome/78.0.3904.97 Safari/537.36\"\n","level":"info"}
{"message":"::1 - - [21/Nov/2019:15:55:01 +0000] \"OPTIONS /api/process/process HTTP/1.1\" 204 0 \"http://localhost:3000/dashboard/process-services/new\" \"Mozilla/5.0 (Windows NT 10.0; Win64; x64) AppleWebKit/537.36 (KHTML, like Gecko) Chrome/78.0.3904.97 Safari/537.36\"\n","level":"info"}
{"message":"::1 - - [21/Nov/2019:15:55:01 +0000] \"GET /api/process/process HTTP/1.1\" 304 - \"http://localhost:3000/dashboard/process-services/new\" \"Mozilla/5.0 (Windows NT 10.0; Win64; x64) AppleWebKit/537.36 (KHTML, like Gecko) Chrome/78.0.3904.97 Safari/537.36\"\n","level":"info"}
{"message":"::1 - - [21/Nov/2019:15:55:06 +0000] \"GET /api/process/process HTTP/1.1\" 304 - \"http://localhost:3000/dashboard/process-services/new\" \"Mozilla/5.0 (Windows NT 10.0; Win64; x64) AppleWebKit/537.36 (KHTML, like Gecko) Chrome/78.0.3904.97 Safari/537.36\"\n","level":"info"}
{"message":"::1 - - [21/Nov/2019:15:55:11 +0000] \"OPTIONS /api/process/process HTTP/1.1\" 204 0 \"http://localhost:3000/dashboard/process-services/new\" \"Mozilla/5.0 (Windows NT 10.0; Win64; x64) AppleWebKit/537.36 (KHTML, like Gecko) Chrome/78.0.3904.97 Safari/537.36\"\n","level":"info"}
{"message":"::1 - - [21/Nov/2019:15:55:11 +0000] \"GET /api/process/process HTTP/1.1\" 304 - \"http://localhost:3000/dashboard/process-services/new\" \"Mozilla/5.0 (Windows NT 10.0; Win64; x64) AppleWebKit/537.36 (KHTML, like Gecko) Chrome/78.0.3904.97 Safari/537.36\"\n","level":"info"}
{"message":"::1 - - [21/Nov/2019:15:55:16 +0000] \"GET /api/process/process HTTP/1.1\" 304 - \"http://localhost:3000/dashboard/process-services/new\" \"Mozilla/5.0 (Windows NT 10.0; Win64; x64) AppleWebKit/537.36 (KHTML, like Gecko) Chrome/78.0.3904.97 Safari/537.36\"\n","level":"info"}
{"message":"::1 - - [21/Nov/2019:15:55:21 +0000] \"OPTIONS /api/process/process HTTP/1.1\" 204 0 \"http://localhost:3000/dashboard/process-services/new\" \"Mozilla/5.0 (Windows NT 10.0; Win64; x64) AppleWebKit/537.36 (KHTML, like Gecko) Chrome/78.0.3904.97 Safari/537.36\"\n","level":"info"}
{"message":"::1 - - [21/Nov/2019:15:55:21 +0000] \"GET /api/process/process HTTP/1.1\" 304 - \"http://localhost:3000/dashboard/process-services/new\" \"Mozilla/5.0 (Windows NT 10.0; Win64; x64) AppleWebKit/537.36 (KHTML, like Gecko) Chrome/78.0.3904.97 Safari/537.36\"\n","level":"info"}
{"message":"::1 - - [21/Nov/2019:15:55:26 +0000] \"GET /api/process/process HTTP/1.1\" 200 40 \"http://localhost:3000/dashboard/process-services/new\" \"Mozilla/5.0 (Windows NT 10.0; Win64; x64) AppleWebKit/537.36 (KHTML, like Gecko) Chrome/78.0.3904.97 Safari/537.36\"\n","level":"info"}
{"message":"::1 - - [21/Nov/2019:15:55:31 +0000] \"OPTIONS /api/process/process HTTP/1.1\" 204 0 \"http://localhost:3000/dashboard/process-services/new\" \"Mozilla/5.0 (Windows NT 10.0; Win64; x64) AppleWebKit/537.36 (KHTML, like Gecko) Chrome/78.0.3904.97 Safari/537.36\"\n","level":"info"}
{"message":"::1 - - [21/Nov/2019:15:55:31 +0000] \"GET /api/process/process HTTP/1.1\" 304 - \"http://localhost:3000/dashboard/process-services/new\" \"Mozilla/5.0 (Windows NT 10.0; Win64; x64) AppleWebKit/537.36 (KHTML, like Gecko) Chrome/78.0.3904.97 Safari/537.36\"\n","level":"info"}
{"message":"::1 - - [21/Nov/2019:15:55:37 +0000] \"GET /api/process/process HTTP/1.1\" 304 - \"http://localhost:3000/dashboard/process-services/new\" \"Mozilla/5.0 (Windows NT 10.0; Win64; x64) AppleWebKit/537.36 (KHTML, like Gecko) Chrome/78.0.3904.97 Safari/537.36\"\n","level":"info"}
{"message":"::1 - - [21/Nov/2019:15:55:41 +0000] \"OPTIONS /api/process/process HTTP/1.1\" 204 0 \"http://localhost:3000/dashboard/process-services/new\" \"Mozilla/5.0 (Windows NT 10.0; Win64; x64) AppleWebKit/537.36 (KHTML, like Gecko) Chrome/78.0.3904.97 Safari/537.36\"\n","level":"info"}
{"message":"::1 - - [21/Nov/2019:15:55:41 +0000] \"GET /api/process/process HTTP/1.1\" 304 - \"http://localhost:3000/dashboard/process-services/new\" \"Mozilla/5.0 (Windows NT 10.0; Win64; x64) AppleWebKit/537.36 (KHTML, like Gecko) Chrome/78.0.3904.97 Safari/537.36\"\n","level":"info"}
{"message":"::1 - - [21/Nov/2019:15:55:46 +0000] \"GET /api/process/process HTTP/1.1\" 304 - \"http://localhost:3000/dashboard/process-services/new\" \"Mozilla/5.0 (Windows NT 10.0; Win64; x64) AppleWebKit/537.36 (KHTML, like Gecko) Chrome/78.0.3904.97 Safari/537.36\"\n","level":"info"}
{"message":"::1 - - [21/Nov/2019:15:55:51 +0000] \"OPTIONS /api/process/process HTTP/1.1\" 204 0 \"http://localhost:3000/dashboard/process-services/new\" \"Mozilla/5.0 (Windows NT 10.0; Win64; x64) AppleWebKit/537.36 (KHTML, like Gecko) Chrome/78.0.3904.97 Safari/537.36\"\n","level":"info"}
{"message":"::1 - - [21/Nov/2019:15:55:51 +0000] \"GET /api/process/process HTTP/1.1\" 304 - \"http://localhost:3000/dashboard/process-services/new\" \"Mozilla/5.0 (Windows NT 10.0; Win64; x64) AppleWebKit/537.36 (KHTML, like Gecko) Chrome/78.0.3904.97 Safari/537.36\"\n","level":"info"}
{"message":"::1 - - [21/Nov/2019:15:55:56 +0000] \"GET /api/process/process HTTP/1.1\" 304 - \"http://localhost:3000/dashboard/process-services/new\" \"Mozilla/5.0 (Windows NT 10.0; Win64; x64) AppleWebKit/537.36 (KHTML, like Gecko) Chrome/78.0.3904.97 Safari/537.36\"\n","level":"info"}
{"message":"::1 - - [21/Nov/2019:15:56:01 +0000] \"OPTIONS /api/process/process HTTP/1.1\" 204 0 \"http://localhost:3000/dashboard/process-services/new\" \"Mozilla/5.0 (Windows NT 10.0; Win64; x64) AppleWebKit/537.36 (KHTML, like Gecko) Chrome/78.0.3904.97 Safari/537.36\"\n","level":"info"}
{"message":"::1 - - [21/Nov/2019:15:56:01 +0000] \"GET /api/process/process HTTP/1.1\" 304 - \"http://localhost:3000/dashboard/process-services/new\" \"Mozilla/5.0 (Windows NT 10.0; Win64; x64) AppleWebKit/537.36 (KHTML, like Gecko) Chrome/78.0.3904.97 Safari/537.36\"\n","level":"info"}
{"message":"::1 - - [21/Nov/2019:15:56:06 +0000] \"GET /api/process/process HTTP/1.1\" 304 - \"http://localhost:3000/dashboard/process-services/new\" \"Mozilla/5.0 (Windows NT 10.0; Win64; x64) AppleWebKit/537.36 (KHTML, like Gecko) Chrome/78.0.3904.97 Safari/537.36\"\n","level":"info"}
{"message":"::1 - - [21/Nov/2019:15:56:11 +0000] \"OPTIONS /api/process/process HTTP/1.1\" 204 0 \"http://localhost:3000/dashboard/process-services/new\" \"Mozilla/5.0 (Windows NT 10.0; Win64; x64) AppleWebKit/537.36 (KHTML, like Gecko) Chrome/78.0.3904.97 Safari/537.36\"\n","level":"info"}
{"message":"::1 - - [21/Nov/2019:15:56:11 +0000] \"GET /api/process/process HTTP/1.1\" 304 - \"http://localhost:3000/dashboard/process-services/new\" \"Mozilla/5.0 (Windows NT 10.0; Win64; x64) AppleWebKit/537.36 (KHTML, like Gecko) Chrome/78.0.3904.97 Safari/537.36\"\n","level":"info"}
{"message":"::1 - - [21/Nov/2019:15:56:16 +0000] \"GET /api/process/process HTTP/1.1\" 304 - \"http://localhost:3000/dashboard/process-services/new\" \"Mozilla/5.0 (Windows NT 10.0; Win64; x64) AppleWebKit/537.36 (KHTML, like Gecko) Chrome/78.0.3904.97 Safari/537.36\"\n","level":"info"}
{"message":"::1 - - [21/Nov/2019:15:56:21 +0000] \"OPTIONS /api/process/process HTTP/1.1\" 204 0 \"http://localhost:3000/dashboard/process-services/new\" \"Mozilla/5.0 (Windows NT 10.0; Win64; x64) AppleWebKit/537.36 (KHTML, like Gecko) Chrome/78.0.3904.97 Safari/537.36\"\n","level":"info"}
{"message":"::1 - - [21/Nov/2019:15:56:21 +0000] \"GET /api/process/process HTTP/1.1\" 304 - \"http://localhost:3000/dashboard/process-services/new\" \"Mozilla/5.0 (Windows NT 10.0; Win64; x64) AppleWebKit/537.36 (KHTML, like Gecko) Chrome/78.0.3904.97 Safari/537.36\"\n","level":"info"}
{"message":"::1 - - [21/Nov/2019:15:56:26 +0000] \"GET /api/process/process HTTP/1.1\" 304 - \"http://localhost:3000/dashboard/process-services/new\" \"Mozilla/5.0 (Windows NT 10.0; Win64; x64) AppleWebKit/537.36 (KHTML, like Gecko) Chrome/78.0.3904.97 Safari/537.36\"\n","level":"info"}
{"message":"::1 - - [21/Nov/2019:15:56:31 +0000] \"OPTIONS /api/process/process HTTP/1.1\" 204 0 \"http://localhost:3000/dashboard/process-services/new\" \"Mozilla/5.0 (Windows NT 10.0; Win64; x64) AppleWebKit/537.36 (KHTML, like Gecko) Chrome/78.0.3904.97 Safari/537.36\"\n","level":"info"}
{"message":"::1 - - [21/Nov/2019:15:56:31 +0000] \"GET /api/process/process HTTP/1.1\" 304 - \"http://localhost:3000/dashboard/process-services/new\" \"Mozilla/5.0 (Windows NT 10.0; Win64; x64) AppleWebKit/537.36 (KHTML, like Gecko) Chrome/78.0.3904.97 Safari/537.36\"\n","level":"info"}
{"message":"::1 - - [21/Nov/2019:15:56:36 +0000] \"GET /api/process/process HTTP/1.1\" 304 - \"http://localhost:3000/dashboard/process-services/new\" \"Mozilla/5.0 (Windows NT 10.0; Win64; x64) AppleWebKit/537.36 (KHTML, like Gecko) Chrome/78.0.3904.97 Safari/537.36\"\n","level":"info"}
{"message":"::1 - - [21/Nov/2019:15:56:41 +0000] \"OPTIONS /api/process/process HTTP/1.1\" 204 0 \"http://localhost:3000/dashboard/process-services/new\" \"Mozilla/5.0 (Windows NT 10.0; Win64; x64) AppleWebKit/537.36 (KHTML, like Gecko) Chrome/78.0.3904.97 Safari/537.36\"\n","level":"info"}
{"message":"::1 - - [21/Nov/2019:15:56:41 +0000] \"GET /api/process/process HTTP/1.1\" 304 - \"http://localhost:3000/dashboard/process-services/new\" \"Mozilla/5.0 (Windows NT 10.0; Win64; x64) AppleWebKit/537.36 (KHTML, like Gecko) Chrome/78.0.3904.97 Safari/537.36\"\n","level":"info"}
{"message":"::1 - - [21/Nov/2019:15:56:46 +0000] \"GET /api/process/process HTTP/1.1\" 304 - \"http://localhost:3000/dashboard/process-services/new\" \"Mozilla/5.0 (Windows NT 10.0; Win64; x64) AppleWebKit/537.36 (KHTML, like Gecko) Chrome/78.0.3904.97 Safari/537.36\"\n","level":"info"}
{"message":"::1 - - [21/Nov/2019:15:56:51 +0000] \"OPTIONS /api/process/process HTTP/1.1\" 204 0 \"http://localhost:3000/dashboard/process-services/new\" \"Mozilla/5.0 (Windows NT 10.0; Win64; x64) AppleWebKit/537.36 (KHTML, like Gecko) Chrome/78.0.3904.97 Safari/537.36\"\n","level":"info"}
{"message":"::1 - - [21/Nov/2019:15:56:51 +0000] \"GET /api/process/process HTTP/1.1\" 304 - \"http://localhost:3000/dashboard/process-services/new\" \"Mozilla/5.0 (Windows NT 10.0; Win64; x64) AppleWebKit/537.36 (KHTML, like Gecko) Chrome/78.0.3904.97 Safari/537.36\"\n","level":"info"}
{"message":"::1 - - [22/Nov/2019:12:09:07 +0000] \"OPTIONS /api/auth/signin HTTP/1.1\" 204 0 \"http://localhost:3000/main/signin\" \"Mozilla/5.0 (Windows NT 10.0; Win64; x64) AppleWebKit/537.36 (KHTML, like Gecko) Chrome/78.0.3904.97 Safari/537.36\"\n","level":"info"}
{"message":"::1 - - [22/Nov/2019:12:09:10 +0000] \"POST /api/auth/signin HTTP/1.1\" 200 758 \"http://localhost:3000/main/signin\" \"Mozilla/5.0 (Windows NT 10.0; Win64; x64) AppleWebKit/537.36 (KHTML, like Gecko) Chrome/78.0.3904.97 Safari/537.36\"\n","level":"info"}
{"message":"::1 - - [22/Nov/2019:12:09:10 +0000] \"OPTIONS /api/process/user HTTP/1.1\" 204 0 \"http://localhost:3000/dashboard\" \"Mozilla/5.0 (Windows NT 10.0; Win64; x64) AppleWebKit/537.36 (KHTML, like Gecko) Chrome/78.0.3904.97 Safari/537.36\"\n","level":"info"}
{"message":"::1 - - [22/Nov/2019:12:09:10 +0000] \"OPTIONS /api/engines/user HTTP/1.1\" 204 0 \"http://localhost:3000/dashboard\" \"Mozilla/5.0 (Windows NT 10.0; Win64; x64) AppleWebKit/537.36 (KHTML, like Gecko) Chrome/78.0.3904.97 Safari/537.36\"\n","level":"info"}
{"message":"::1 - - [22/Nov/2019:12:09:10 +0000] \"GET /api/process/user HTTP/1.1\" 200 2114 \"http://localhost:3000/dashboard\" \"Mozilla/5.0 (Windows NT 10.0; Win64; x64) AppleWebKit/537.36 (KHTML, like Gecko) Chrome/78.0.3904.97 Safari/537.36\"\n","level":"info"}
{"message":"::1 - - [22/Nov/2019:12:09:10 +0000] \"OPTIONS /api/users/dashboard/client HTTP/1.1\" 204 0 \"http://localhost:3000/dashboard\" \"Mozilla/5.0 (Windows NT 10.0; Win64; x64) AppleWebKit/537.36 (KHTML, like Gecko) Chrome/78.0.3904.97 Safari/537.36\"\n","level":"info"}
{"message":"::1 - - [22/Nov/2019:12:09:11 +0000] \"GET /api/engines/user HTTP/1.1\" 200 1193 \"http://localhost:3000/dashboard\" \"Mozilla/5.0 (Windows NT 10.0; Win64; x64) AppleWebKit/537.36 (KHTML, like Gecko) Chrome/78.0.3904.97 Safari/537.36\"\n","level":"info"}
{"message":"::1 - - [22/Nov/2019:12:09:14 +0000] \"GET /api/users/dashboard/client HTTP/1.1\" 200 2747 \"http://localhost:3000/dashboard\" \"Mozilla/5.0 (Windows NT 10.0; Win64; x64) AppleWebKit/537.36 (KHTML, like Gecko) Chrome/78.0.3904.97 Safari/537.36\"\n","level":"info"}
{"message":"::1 - - [22/Nov/2019:12:09:45 +0000] \"OPTIONS /api/process/processFile HTTP/1.1\" 204 0 \"http://localhost:3000/dashboard/process-services/new\" \"Mozilla/5.0 (Windows NT 10.0; Win64; x64) AppleWebKit/537.36 (KHTML, like Gecko) Chrome/78.0.3904.97 Safari/537.36\"\n","level":"info"}
{"message":"message: Cannot read property 'files[]' of undefined","level":"error"}
{"message":"method: quoteFile","level":"error"}
{"message":"line: 921","level":"error"}
{"message":"::1 - - [22/Nov/2019:12:10:13 +0000] \"POST /api/process/processFile HTTP/1.1\" 400 12 \"http://localhost:3000/dashboard/process-services/new\" \"Mozilla/5.0 (Windows NT 10.0; Win64; x64) AppleWebKit/537.36 (KHTML, like Gecko) Chrome/78.0.3904.97 Safari/537.36\"\n","level":"info"}
{"message":"::1 - - [22/Nov/2019:12:12:29 +0000] \"OPTIONS /api/process/user HTTP/1.1\" 204 0 \"http://localhost:3000/dashboard/process-services/new\" \"Mozilla/5.0 (Windows NT 10.0; Win64; x64) AppleWebKit/537.36 (KHTML, like Gecko) Chrome/78.0.3904.97 Safari/537.36\"\n","level":"info"}
{"message":"::1 - - [22/Nov/2019:12:12:29 +0000] \"OPTIONS /api/engines/user HTTP/1.1\" 204 0 \"http://localhost:3000/dashboard/process-services/new\" \"Mozilla/5.0 (Windows NT 10.0; Win64; x64) AppleWebKit/537.36 (KHTML, like Gecko) Chrome/78.0.3904.97 Safari/537.36\"\n","level":"info"}
{"message":"::1 - - [22/Nov/2019:12:12:30 +0000] \"GET /api/process/user HTTP/1.1\" 304 - \"http://localhost:3000/dashboard/process-services/new\" \"Mozilla/5.0 (Windows NT 10.0; Win64; x64) AppleWebKit/537.36 (KHTML, like Gecko) Chrome/78.0.3904.97 Safari/537.36\"\n","level":"info"}
{"message":"::1 - - [22/Nov/2019:12:12:30 +0000] \"OPTIONS /api/process/process HTTP/1.1\" 204 0 \"http://localhost:3000/dashboard/process-services/new\" \"Mozilla/5.0 (Windows NT 10.0; Win64; x64) AppleWebKit/537.36 (KHTML, like Gecko) Chrome/78.0.3904.97 Safari/537.36\"\n","level":"info"}
{"message":"::1 - - [22/Nov/2019:12:12:31 +0000] \"GET /api/engines/user HTTP/1.1\" 200 1193 \"http://localhost:3000/dashboard/process-services/new\" \"Mozilla/5.0 (Windows NT 10.0; Win64; x64) AppleWebKit/537.36 (KHTML, like Gecko) Chrome/78.0.3904.97 Safari/537.36\"\n","level":"info"}
{"message":"::1 - - [22/Nov/2019:12:12:31 +0000] \"GET /api/process/process HTTP/1.1\" - - \"http://localhost:3000/dashboard/process-services/new\" \"Mozilla/5.0 (Windows NT 10.0; Win64; x64) AppleWebKit/537.36 (KHTML, like Gecko) Chrome/78.0.3904.97 Safari/537.36\"\n","level":"info"}
{"message":"::1 - - [22/Nov/2019:12:12:36 +0000] \"OPTIONS /api/process/processFile HTTP/1.1\" 204 0 \"http://localhost:3000/dashboard/process-services/new\" \"Mozilla/5.0 (Windows NT 10.0; Win64; x64) AppleWebKit/537.36 (KHTML, like Gecko) Chrome/78.0.3904.97 Safari/537.36\"\n","level":"info"}
{"message":"::1 - - [22/Nov/2019:12:14:03 +0000] \"POST /api/process/processFile HTTP/1.1\" 200 13 \"http://localhost:3000/dashboard/process-services/new\" \"Mozilla/5.0 (Windows NT 10.0; Win64; x64) AppleWebKit/537.36 (KHTML, like Gecko) Chrome/78.0.3904.97 Safari/537.36\"\n","level":"info"}
{"message":"::1 - - [22/Nov/2019:12:14:04 +0000] \"OPTIONS /api/process/process HTTP/1.1\" 204 0 \"http://localhost:3000/dashboard/process-services/new\" \"Mozilla/5.0 (Windows NT 10.0; Win64; x64) AppleWebKit/537.36 (KHTML, like Gecko) Chrome/78.0.3904.97 Safari/537.36\"\n","level":"info"}
{"message":"::1 - - [22/Nov/2019:12:14:05 +0000] \"GET /api/process/process HTTP/1.1\" 200 2982 \"http://localhost:3000/dashboard/process-services/new\" \"Mozilla/5.0 (Windows NT 10.0; Win64; x64) AppleWebKit/537.36 (KHTML, like Gecko) Chrome/78.0.3904.97 Safari/537.36\"\n","level":"info"}
{"message":"::1 - - [22/Nov/2019:12:14:11 +0000] \"GET /api/process/process HTTP/1.1\" 304 - \"http://localhost:3000/dashboard/process-services/new\" \"Mozilla/5.0 (Windows NT 10.0; Win64; x64) AppleWebKit/537.36 (KHTML, like Gecko) Chrome/78.0.3904.97 Safari/537.36\"\n","level":"info"}
{"message":"::1 - - [22/Nov/2019:12:14:14 +0000] \"OPTIONS /api/process/process HTTP/1.1\" 204 0 \"http://localhost:3000/dashboard/process-services/new\" \"Mozilla/5.0 (Windows NT 10.0; Win64; x64) AppleWebKit/537.36 (KHTML, like Gecko) Chrome/78.0.3904.97 Safari/537.36\"\n","level":"info"}
{"message":"::1 - - [22/Nov/2019:12:14:15 +0000] \"GET /api/process/process HTTP/1.1\" 304 - \"http://localhost:3000/dashboard/process-services/new\" \"Mozilla/5.0 (Windows NT 10.0; Win64; x64) AppleWebKit/537.36 (KHTML, like Gecko) Chrome/78.0.3904.97 Safari/537.36\"\n","level":"info"}
{"message":"::1 - - [22/Nov/2019:12:14:20 +0000] \"GET /api/process/process HTTP/1.1\" 304 - \"http://localhost:3000/dashboard/process-services/new\" \"Mozilla/5.0 (Windows NT 10.0; Win64; x64) AppleWebKit/537.36 (KHTML, like Gecko) Chrome/78.0.3904.97 Safari/537.36\"\n","level":"info"}
{"message":"::1 - - [22/Nov/2019:12:14:24 +0000] \"OPTIONS /api/process/process HTTP/1.1\" 204 0 \"http://localhost:3000/dashboard/process-services/new\" \"Mozilla/5.0 (Windows NT 10.0; Win64; x64) AppleWebKit/537.36 (KHTML, like Gecko) Chrome/78.0.3904.97 Safari/537.36\"\n","level":"info"}
{"message":"::1 - - [22/Nov/2019:12:14:25 +0000] \"GET /api/process/process HTTP/1.1\" 304 - \"http://localhost:3000/dashboard/process-services/new\" \"Mozilla/5.0 (Windows NT 10.0; Win64; x64) AppleWebKit/537.36 (KHTML, like Gecko) Chrome/78.0.3904.97 Safari/537.36\"\n","level":"info"}
{"message":"::1 - - [22/Nov/2019:12:14:29 +0000] \"OPTIONS /api/process/process HTTP/1.1\" 204 0 \"http://localhost:3000/dashboard/process-services/new\" \"Mozilla/5.0 (Windows NT 10.0; Win64; x64) AppleWebKit/537.36 (KHTML, like Gecko) Chrome/78.0.3904.97 Safari/537.36\"\n","level":"info"}
{"message":"::1 - - [22/Nov/2019:12:14:30 +0000] \"GET /api/process/process HTTP/1.1\" 200 2982 \"http://localhost:3000/dashboard/process-services/new\" \"Mozilla/5.0 (Windows NT 10.0; Win64; x64) AppleWebKit/537.36 (KHTML, like Gecko) Chrome/78.0.3904.97 Safari/537.36\"\n","level":"info"}
{"message":"::1 - - [22/Nov/2019:12:14:34 +0000] \"OPTIONS /api/process/process HTTP/1.1\" 204 0 \"http://localhost:3000/dashboard/process-services/new\" \"Mozilla/5.0 (Windows NT 10.0; Win64; x64) AppleWebKit/537.36 (KHTML, like Gecko) Chrome/78.0.3904.97 Safari/537.36\"\n","level":"info"}
{"message":"::1 - - [22/Nov/2019:12:14:35 +0000] \"GET /api/process/process HTTP/1.1\" 200 2982 \"http://localhost:3000/dashboard/process-services/new\" \"Mozilla/5.0 (Windows NT 10.0; Win64; x64) AppleWebKit/537.36 (KHTML, like Gecko) Chrome/78.0.3904.97 Safari/537.36\"\n","level":"info"}
{"message":"::1 - - [22/Nov/2019:12:14:39 +0000] \"OPTIONS /api/process/process HTTP/1.1\" 204 0 \"http://localhost:3000/dashboard/process-services/new\" \"Mozilla/5.0 (Windows NT 10.0; Win64; x64) AppleWebKit/537.36 (KHTML, like Gecko) Chrome/78.0.3904.97 Safari/537.36\"\n","level":"info"}
{"message":"::1 - - [22/Nov/2019:12:14:41 +0000] \"GET /api/process/process HTTP/1.1\" 200 2982 \"http://localhost:3000/dashboard/process-services/new\" \"Mozilla/5.0 (Windows NT 10.0; Win64; x64) AppleWebKit/537.36 (KHTML, like Gecko) Chrome/78.0.3904.97 Safari/537.36\"\n","level":"info"}
{"message":"::1 - - [22/Nov/2019:12:14:44 +0000] \"OPTIONS /api/process/process HTTP/1.1\" 204 0 \"http://localhost:3000/dashboard/process-services/new\" \"Mozilla/5.0 (Windows NT 10.0; Win64; x64) AppleWebKit/537.36 (KHTML, like Gecko) Chrome/78.0.3904.97 Safari/537.36\"\n","level":"info"}
{"message":"::1 - - [22/Nov/2019:12:14:45 +0000] \"GET /api/process/process HTTP/1.1\" 200 2982 \"http://localhost:3000/dashboard/process-services/new\" \"Mozilla/5.0 (Windows NT 10.0; Win64; x64) AppleWebKit/537.36 (KHTML, like Gecko) Chrome/78.0.3904.97 Safari/537.36\"\n","level":"info"}
{"message":"::1 - - [22/Nov/2019:12:14:49 +0000] \"OPTIONS /api/process/process HTTP/1.1\" 204 0 \"http://localhost:3000/dashboard/process-services/new\" \"Mozilla/5.0 (Windows NT 10.0; Win64; x64) AppleWebKit/537.36 (KHTML, like Gecko) Chrome/78.0.3904.97 Safari/537.36\"\n","level":"info"}
{"message":"::1 - - [22/Nov/2019:12:14:50 +0000] \"GET /api/process/process HTTP/1.1\" 200 2982 \"http://localhost:3000/dashboard/process-services/new\" \"Mozilla/5.0 (Windows NT 10.0; Win64; x64) AppleWebKit/537.36 (KHTML, like Gecko) Chrome/78.0.3904.97 Safari/537.36\"\n","level":"info"}
{"message":"::1 - - [22/Nov/2019:12:14:54 +0000] \"OPTIONS /api/process/process HTTP/1.1\" 204 0 \"http://localhost:3000/dashboard/process-services/new\" \"Mozilla/5.0 (Windows NT 10.0; Win64; x64) AppleWebKit/537.36 (KHTML, like Gecko) Chrome/78.0.3904.97 Safari/537.36\"\n","level":"info"}
{"message":"::1 - - [22/Nov/2019:12:14:55 +0000] \"GET /api/process/process HTTP/1.1\" 200 2982 \"http://localhost:3000/dashboard/process-services/new\" \"Mozilla/5.0 (Windows NT 10.0; Win64; x64) AppleWebKit/537.36 (KHTML, like Gecko) Chrome/78.0.3904.97 Safari/537.36\"\n","level":"info"}
{"message":"::1 - - [22/Nov/2019:12:14:59 +0000] \"OPTIONS /api/process/process HTTP/1.1\" 204 0 \"http://localhost:3000/dashboard/process-services/new\" \"Mozilla/5.0 (Windows NT 10.0; Win64; x64) AppleWebKit/537.36 (KHTML, like Gecko) Chrome/78.0.3904.97 Safari/537.36\"\n","level":"info"}
{"message":"::1 - - [22/Nov/2019:12:15:00 +0000] \"GET /api/process/process HTTP/1.1\" 200 2982 \"http://localhost:3000/dashboard/process-services/new\" \"Mozilla/5.0 (Windows NT 10.0; Win64; x64) AppleWebKit/537.36 (KHTML, like Gecko) Chrome/78.0.3904.97 Safari/537.36\"\n","level":"info"}
{"message":"::1 - - [22/Nov/2019:12:15:04 +0000] \"OPTIONS /api/process/process HTTP/1.1\" 204 0 \"http://localhost:3000/dashboard/process-services/new\" \"Mozilla/5.0 (Windows NT 10.0; Win64; x64) AppleWebKit/537.36 (KHTML, like Gecko) Chrome/78.0.3904.97 Safari/537.36\"\n","level":"info"}
{"message":"::1 - - [22/Nov/2019:12:15:05 +0000] \"GET /api/process/process HTTP/1.1\" 200 2982 \"http://localhost:3000/dashboard/process-services/new\" \"Mozilla/5.0 (Windows NT 10.0; Win64; x64) AppleWebKit/537.36 (KHTML, like Gecko) Chrome/78.0.3904.97 Safari/537.36\"\n","level":"info"}
{"message":"::1 - - [22/Nov/2019:12:15:09 +0000] \"OPTIONS /api/process/process HTTP/1.1\" 204 0 \"http://localhost:3000/dashboard/process-services/new\" \"Mozilla/5.0 (Windows NT 10.0; Win64; x64) AppleWebKit/537.36 (KHTML, like Gecko) Chrome/78.0.3904.97 Safari/537.36\"\n","level":"info"}
{"message":"::1 - - [22/Nov/2019:12:15:10 +0000] \"GET /api/process/process HTTP/1.1\" 200 2982 \"http://localhost:3000/dashboard/process-services/new\" \"Mozilla/5.0 (Windows NT 10.0; Win64; x64) AppleWebKit/537.36 (KHTML, like Gecko) Chrome/78.0.3904.97 Safari/537.36\"\n","level":"info"}
{"message":"::1 - - [22/Nov/2019:12:15:14 +0000] \"OPTIONS /api/process/process HTTP/1.1\" 204 0 \"http://localhost:3000/dashboard/process-services/new\" \"Mozilla/5.0 (Windows NT 10.0; Win64; x64) AppleWebKit/537.36 (KHTML, like Gecko) Chrome/78.0.3904.97 Safari/537.36\"\n","level":"info"}
{"message":"::1 - - [22/Nov/2019:12:15:15 +0000] \"GET /api/process/process HTTP/1.1\" 200 2982 \"http://localhost:3000/dashboard/process-services/new\" \"Mozilla/5.0 (Windows NT 10.0; Win64; x64) AppleWebKit/537.36 (KHTML, like Gecko) Chrome/78.0.3904.97 Safari/537.36\"\n","level":"info"}
{"message":"::1 - - [22/Nov/2019:12:15:19 +0000] \"OPTIONS /api/process/process HTTP/1.1\" 204 0 \"http://localhost:3000/dashboard/process-services/new\" \"Mozilla/5.0 (Windows NT 10.0; Win64; x64) AppleWebKit/537.36 (KHTML, like Gecko) Chrome/78.0.3904.97 Safari/537.36\"\n","level":"info"}
{"message":"::1 - - [22/Nov/2019:12:15:20 +0000] \"GET /api/process/process HTTP/1.1\" 200 2982 \"http://localhost:3000/dashboard/process-services/new\" \"Mozilla/5.0 (Windows NT 10.0; Win64; x64) AppleWebKit/537.36 (KHTML, like Gecko) Chrome/78.0.3904.97 Safari/537.36\"\n","level":"info"}
{"message":"::1 - - [22/Nov/2019:12:15:24 +0000] \"OPTIONS /api/process/process HTTP/1.1\" 204 0 \"http://localhost:3000/dashboard/process-services/new\" \"Mozilla/5.0 (Windows NT 10.0; Win64; x64) AppleWebKit/537.36 (KHTML, like Gecko) Chrome/78.0.3904.97 Safari/537.36\"\n","level":"info"}
{"message":"::1 - - [22/Nov/2019:12:15:25 +0000] \"GET /api/process/process HTTP/1.1\" 200 2982 \"http://localhost:3000/dashboard/process-services/new\" \"Mozilla/5.0 (Windows NT 10.0; Win64; x64) AppleWebKit/537.36 (KHTML, like Gecko) Chrome/78.0.3904.97 Safari/537.36\"\n","level":"info"}
{"message":"::1 - - [22/Nov/2019:12:15:30 +0000] \"OPTIONS /api/process/process HTTP/1.1\" 204 0 \"http://localhost:3000/dashboard/process-services/new\" \"Mozilla/5.0 (Windows NT 10.0; Win64; x64) AppleWebKit/537.36 (KHTML, like Gecko) Chrome/78.0.3904.97 Safari/537.36\"\n","level":"info"}
{"message":"::1 - - [22/Nov/2019:12:15:30 +0000] \"GET /api/process/process HTTP/1.1\" 200 2982 \"http://localhost:3000/dashboard/process-services/new\" \"Mozilla/5.0 (Windows NT 10.0; Win64; x64) AppleWebKit/537.36 (KHTML, like Gecko) Chrome/78.0.3904.97 Safari/537.36\"\n","level":"info"}
{"message":"::1 - - [22/Nov/2019:12:15:35 +0000] \"OPTIONS /api/process/process HTTP/1.1\" 204 0 \"http://localhost:3000/dashboard/process-services/new\" \"Mozilla/5.0 (Windows NT 10.0; Win64; x64) AppleWebKit/537.36 (KHTML, like Gecko) Chrome/78.0.3904.97 Safari/537.36\"\n","level":"info"}
{"message":"::1 - - [22/Nov/2019:12:15:36 +0000] \"GET /api/process/process HTTP/1.1\" 200 2982 \"http://localhost:3000/dashboard/process-services/new\" \"Mozilla/5.0 (Windows NT 10.0; Win64; x64) AppleWebKit/537.36 (KHTML, like Gecko) Chrome/78.0.3904.97 Safari/537.36\"\n","level":"info"}
{"message":"::1 - - [22/Nov/2019:12:15:40 +0000] \"OPTIONS /api/process/process HTTP/1.1\" 204 0 \"http://localhost:3000/dashboard/process-services/new\" \"Mozilla/5.0 (Windows NT 10.0; Win64; x64) AppleWebKit/537.36 (KHTML, like Gecko) Chrome/78.0.3904.97 Safari/537.36\"\n","level":"info"}
{"message":"::1 - - [22/Nov/2019:12:15:41 +0000] \"GET /api/process/process HTTP/1.1\" 200 2982 \"http://localhost:3000/dashboard/process-services/new\" \"Mozilla/5.0 (Windows NT 10.0; Win64; x64) AppleWebKit/537.36 (KHTML, like Gecko) Chrome/78.0.3904.97 Safari/537.36\"\n","level":"info"}
{"message":"::1 - - [22/Nov/2019:12:15:45 +0000] \"OPTIONS /api/process/process HTTP/1.1\" 204 0 \"http://localhost:3000/dashboard/process-services/new\" \"Mozilla/5.0 (Windows NT 10.0; Win64; x64) AppleWebKit/537.36 (KHTML, like Gecko) Chrome/78.0.3904.97 Safari/537.36\"\n","level":"info"}
{"message":"::1 - - [22/Nov/2019:12:15:45 +0000] \"GET /api/process/process HTTP/1.1\" 200 2982 \"http://localhost:3000/dashboard/process-services/new\" \"Mozilla/5.0 (Windows NT 10.0; Win64; x64) AppleWebKit/537.36 (KHTML, like Gecko) Chrome/78.0.3904.97 Safari/537.36\"\n","level":"info"}
{"message":"::1 - - [22/Nov/2019:12:15:50 +0000] \"OPTIONS /api/process/process HTTP/1.1\" 204 0 \"http://localhost:3000/dashboard/process-services/new\" \"Mozilla/5.0 (Windows NT 10.0; Win64; x64) AppleWebKit/537.36 (KHTML, like Gecko) Chrome/78.0.3904.97 Safari/537.36\"\n","level":"info"}
{"message":"::1 - - [22/Nov/2019:12:15:50 +0000] \"GET /api/process/process HTTP/1.1\" 200 2982 \"http://localhost:3000/dashboard/process-services/new\" \"Mozilla/5.0 (Windows NT 10.0; Win64; x64) AppleWebKit/537.36 (KHTML, like Gecko) Chrome/78.0.3904.97 Safari/537.36\"\n","level":"info"}
{"message":"::1 - - [22/Nov/2019:12:15:55 +0000] \"OPTIONS /api/process/process HTTP/1.1\" 204 0 \"http://localhost:3000/dashboard/process-services/new\" \"Mozilla/5.0 (Windows NT 10.0; Win64; x64) AppleWebKit/537.36 (KHTML, like Gecko) Chrome/78.0.3904.97 Safari/537.36\"\n","level":"info"}
{"message":"::1 - - [22/Nov/2019:12:15:55 +0000] \"GET /api/process/process HTTP/1.1\" 200 1206 \"http://localhost:3000/dashboard/process-services/new\" \"Mozilla/5.0 (Windows NT 10.0; Win64; x64) AppleWebKit/537.36 (KHTML, like Gecko) Chrome/78.0.3904.97 Safari/537.36\"\n","level":"info"}
{"message":"::1 - - [22/Nov/2019:12:15:59 +0000] \"OPTIONS /api/process/process HTTP/1.1\" 204 0 \"http://localhost:3000/dashboard/process-services/new\" \"Mozilla/5.0 (Windows NT 10.0; Win64; x64) AppleWebKit/537.36 (KHTML, like Gecko) Chrome/78.0.3904.97 Safari/537.36\"\n","level":"info"}
{"message":"::1 - - [22/Nov/2019:12:16:00 +0000] \"GET /api/process/process HTTP/1.1\" 200 241 \"http://localhost:3000/dashboard/process-services/new\" \"Mozilla/5.0 (Windows NT 10.0; Win64; x64) AppleWebKit/537.36 (KHTML, like Gecko) Chrome/78.0.3904.97 Safari/537.36\"\n","level":"info"}
{"message":"::1 - - [22/Nov/2019:12:16:05 +0000] \"GET /api/process/process HTTP/1.1\" 304 - \"http://localhost:3000/dashboard/process-services/new\" \"Mozilla/5.0 (Windows NT 10.0; Win64; x64) AppleWebKit/537.36 (KHTML, like Gecko) Chrome/78.0.3904.97 Safari/537.36\"\n","level":"info"}
{"message":"::1 - - [22/Nov/2019:12:16:09 +0000] \"OPTIONS /api/process/process HTTP/1.1\" 204 0 \"http://localhost:3000/dashboard/process-services/new\" \"Mozilla/5.0 (Windows NT 10.0; Win64; x64) AppleWebKit/537.36 (KHTML, like Gecko) Chrome/78.0.3904.97 Safari/537.36\"\n","level":"info"}
{"message":"::1 - - [22/Nov/2019:12:16:11 +0000] \"GET /api/process/process HTTP/1.1\" 304 - \"http://localhost:3000/dashboard/process-services/new\" \"Mozilla/5.0 (Windows NT 10.0; Win64; x64) AppleWebKit/537.36 (KHTML, like Gecko) Chrome/78.0.3904.97 Safari/537.36\"\n","level":"info"}
{"message":"::1 - - [22/Nov/2019:12:16:15 +0000] \"GET /api/process/process HTTP/1.1\" 304 - \"http://localhost:3000/dashboard/process-services/new\" \"Mozilla/5.0 (Windows NT 10.0; Win64; x64) AppleWebKit/537.36 (KHTML, like Gecko) Chrome/78.0.3904.97 Safari/537.36\"\n","level":"info"}
{"message":"::1 - - [22/Nov/2019:12:16:19 +0000] \"OPTIONS /api/process/process HTTP/1.1\" 204 0 \"http://localhost:3000/dashboard/process-services/new\" \"Mozilla/5.0 (Windows NT 10.0; Win64; x64) AppleWebKit/537.36 (KHTML, like Gecko) Chrome/78.0.3904.97 Safari/537.36\"\n","level":"info"}
{"message":"::1 - - [22/Nov/2019:12:16:20 +0000] \"GET /api/process/process HTTP/1.1\" 304 - \"http://localhost:3000/dashboard/process-services/new\" \"Mozilla/5.0 (Windows NT 10.0; Win64; x64) AppleWebKit/537.36 (KHTML, like Gecko) Chrome/78.0.3904.97 Safari/537.36\"\n","level":"info"}
{"message":"::1 - - [22/Nov/2019:12:16:25 +0000] \"GET /api/process/process HTTP/1.1\" 304 - \"http://localhost:3000/dashboard/process-services/new\" \"Mozilla/5.0 (Windows NT 10.0; Win64; x64) AppleWebKit/537.36 (KHTML, like Gecko) Chrome/78.0.3904.97 Safari/537.36\"\n","level":"info"}
{"message":"::1 - - [22/Nov/2019:12:16:29 +0000] \"OPTIONS /api/process/process HTTP/1.1\" 204 0 \"http://localhost:3000/dashboard/process-services/new\" \"Mozilla/5.0 (Windows NT 10.0; Win64; x64) AppleWebKit/537.36 (KHTML, like Gecko) Chrome/78.0.3904.97 Safari/537.36\"\n","level":"info"}
{"message":"::1 - - [22/Nov/2019:12:16:30 +0000] \"GET /api/process/process HTTP/1.1\" 304 - \"http://localhost:3000/dashboard/process-services/new\" \"Mozilla/5.0 (Windows NT 10.0; Win64; x64) AppleWebKit/537.36 (KHTML, like Gecko) Chrome/78.0.3904.97 Safari/537.36\"\n","level":"info"}
{"message":"::1 - - [22/Nov/2019:12:16:35 +0000] \"GET /api/process/process HTTP/1.1\" 304 - \"http://localhost:3000/dashboard/process-services/new\" \"Mozilla/5.0 (Windows NT 10.0; Win64; x64) AppleWebKit/537.36 (KHTML, like Gecko) Chrome/78.0.3904.97 Safari/537.36\"\n","level":"info"}
{"message":"::1 - - [22/Nov/2019:12:16:39 +0000] \"OPTIONS /api/process/process HTTP/1.1\" 204 0 \"http://localhost:3000/dashboard/process-services/new\" \"Mozilla/5.0 (Windows NT 10.0; Win64; x64) AppleWebKit/537.36 (KHTML, like Gecko) Chrome/78.0.3904.97 Safari/537.36\"\n","level":"info"}
{"message":"::1 - - [22/Nov/2019:12:16:40 +0000] \"GET /api/process/process HTTP/1.1\" 304 - \"http://localhost:3000/dashboard/process-services/new\" \"Mozilla/5.0 (Windows NT 10.0; Win64; x64) AppleWebKit/537.36 (KHTML, like Gecko) Chrome/78.0.3904.97 Safari/537.36\"\n","level":"info"}
{"message":"::1 - - [22/Nov/2019:12:16:46 +0000] \"GET /api/process/process HTTP/1.1\" 304 - \"http://localhost:3000/dashboard/process-services/new\" \"Mozilla/5.0 (Windows NT 10.0; Win64; x64) AppleWebKit/537.36 (KHTML, like Gecko) Chrome/78.0.3904.97 Safari/537.36\"\n","level":"info"}
{"message":"::1 - - [22/Nov/2019:12:16:49 +0000] \"OPTIONS /api/process/process HTTP/1.1\" 204 0 \"http://localhost:3000/dashboard/process-services/new\" \"Mozilla/5.0 (Windows NT 10.0; Win64; x64) AppleWebKit/537.36 (KHTML, like Gecko) Chrome/78.0.3904.97 Safari/537.36\"\n","level":"info"}
{"message":"::1 - - [22/Nov/2019:12:16:50 +0000] \"GET /api/process/process HTTP/1.1\" 304 - \"http://localhost:3000/dashboard/process-services/new\" \"Mozilla/5.0 (Windows NT 10.0; Win64; x64) AppleWebKit/537.36 (KHTML, like Gecko) Chrome/78.0.3904.97 Safari/537.36\"\n","level":"info"}
{"message":"::1 - - [22/Nov/2019:12:16:56 +0000] \"GET /api/process/process HTTP/1.1\" 304 - \"http://localhost:3000/dashboard/process-services/new\" \"Mozilla/5.0 (Windows NT 10.0; Win64; x64) AppleWebKit/537.36 (KHTML, like Gecko) Chrome/78.0.3904.97 Safari/537.36\"\n","level":"info"}
{"message":"::1 - - [22/Nov/2019:12:16:59 +0000] \"OPTIONS /api/process/process HTTP/1.1\" 204 0 \"http://localhost:3000/dashboard/process-services/new\" \"Mozilla/5.0 (Windows NT 10.0; Win64; x64) AppleWebKit/537.36 (KHTML, like Gecko) Chrome/78.0.3904.97 Safari/537.36\"\n","level":"info"}
{"message":"::1 - - [22/Nov/2019:12:17:00 +0000] \"GET /api/process/process HTTP/1.1\" 304 - \"http://localhost:3000/dashboard/process-services/new\" \"Mozilla/5.0 (Windows NT 10.0; Win64; x64) AppleWebKit/537.36 (KHTML, like Gecko) Chrome/78.0.3904.97 Safari/537.36\"\n","level":"info"}
{"message":"::1 - - [22/Nov/2019:12:17:06 +0000] \"GET /api/process/process HTTP/1.1\" 304 - \"http://localhost:3000/dashboard/process-services/new\" \"Mozilla/5.0 (Windows NT 10.0; Win64; x64) AppleWebKit/537.36 (KHTML, like Gecko) Chrome/78.0.3904.97 Safari/537.36\"\n","level":"info"}
{"message":"::1 - - [22/Nov/2019:12:17:09 +0000] \"OPTIONS /api/process/process HTTP/1.1\" 204 0 \"http://localhost:3000/dashboard/process-services/new\" \"Mozilla/5.0 (Windows NT 10.0; Win64; x64) AppleWebKit/537.36 (KHTML, like Gecko) Chrome/78.0.3904.97 Safari/537.36\"\n","level":"info"}
{"message":"::1 - - [22/Nov/2019:12:17:10 +0000] \"GET /api/process/process HTTP/1.1\" 304 - \"http://localhost:3000/dashboard/process-services/new\" \"Mozilla/5.0 (Windows NT 10.0; Win64; x64) AppleWebKit/537.36 (KHTML, like Gecko) Chrome/78.0.3904.97 Safari/537.36\"\n","level":"info"}
{"message":"::1 - - [22/Nov/2019:12:17:18 +0000] \"OPTIONS /api/auth/signin HTTP/1.1\" 204 0 \"http://localhost:3000/main/signin\" \"Mozilla/5.0 (Windows NT 10.0; Win64; x64) AppleWebKit/537.36 (KHTML, like Gecko) Chrome/78.0.3904.97 Safari/537.36\"\n","level":"info"}
{"message":"::1 - - [22/Nov/2019:12:17:19 +0000] \"POST /api/auth/signin HTTP/1.1\" 200 744 \"http://localhost:3000/main/signin\" \"Mozilla/5.0 (Windows NT 10.0; Win64; x64) AppleWebKit/537.36 (KHTML, like Gecko) Chrome/78.0.3904.97 Safari/537.36\"\n","level":"info"}
{"message":"::1 - - [22/Nov/2019:12:17:19 +0000] \"OPTIONS /api/process/user HTTP/1.1\" 204 0 \"http://localhost:3000/dashboard\" \"Mozilla/5.0 (Windows NT 10.0; Win64; x64) AppleWebKit/537.36 (KHTML, like Gecko) Chrome/78.0.3904.97 Safari/537.36\"\n","level":"info"}
{"message":"::1 - - [22/Nov/2019:12:17:19 +0000] \"OPTIONS /api/engines/user HTTP/1.1\" 204 0 \"http://localhost:3000/dashboard\" \"Mozilla/5.0 (Windows NT 10.0; Win64; x64) AppleWebKit/537.36 (KHTML, like Gecko) Chrome/78.0.3904.97 Safari/537.36\"\n","level":"info"}
{"message":"::1 - - [22/Nov/2019:12:17:21 +0000] \"GET /api/engines/user HTTP/1.1\" 200 35341 \"http://localhost:3000/dashboard\" \"Mozilla/5.0 (Windows NT 10.0; Win64; x64) AppleWebKit/537.36 (KHTML, like Gecko) Chrome/78.0.3904.97 Safari/537.36\"\n","level":"info"}
{"message":"::1 - - [22/Nov/2019:12:17:23 +0000] \"GET /api/process/user HTTP/1.1\" 200 15709 \"http://localhost:3000/dashboard\" \"Mozilla/5.0 (Windows NT 10.0; Win64; x64) AppleWebKit/537.36 (KHTML, like Gecko) Chrome/78.0.3904.97 Safari/537.36\"\n","level":"info"}
{"message":"::1 - - [22/Nov/2019:12:17:23 +0000] \"OPTIONS /api/users/dashboard/admin HTTP/1.1\" 204 0 \"http://localhost:3000/dashboard\" \"Mozilla/5.0 (Windows NT 10.0; Win64; x64) AppleWebKit/537.36 (KHTML, like Gecko) Chrome/78.0.3904.97 Safari/537.36\"\n","level":"info"}
{"message":"::1 - - [22/Nov/2019:12:17:27 +0000] \"OPTIONS /api/users/listAll HTTP/1.1\" 204 0 \"http://localhost:3000/dashboard/users\" \"Mozilla/5.0 (Windows NT 10.0; Win64; x64) AppleWebKit/537.36 (KHTML, like Gecko) Chrome/78.0.3904.97 Safari/537.36\"\n","level":"info"}
{"message":"::1 - - [22/Nov/2019:12:17:27 +0000] \"OPTIONS /api/typeOfPermits/list HTTP/1.1\" 204 0 \"http://localhost:3000/dashboard/users\" \"Mozilla/5.0 (Windows NT 10.0; Win64; x64) AppleWebKit/537.36 (KHTML, like Gecko) Chrome/78.0.3904.97 Safari/537.36\"\n","level":"info"}
{"message":"::1 - - [22/Nov/2019:12:17:28 +0000] \"GET /api/typeOfPermits/list HTTP/1.1\" 200 210 \"http://localhost:3000/dashboard/users\" \"Mozilla/5.0 (Windows NT 10.0; Win64; x64) AppleWebKit/537.36 (KHTML, like Gecko) Chrome/78.0.3904.97 Safari/537.36\"\n","level":"info"}
{"message":"::1 - - [22/Nov/2019:12:17:29 +0000] \"GET /api/users/dashboard/admin HTTP/1.1\" 200 15732 \"http://localhost:3000/dashboard\" \"Mozilla/5.0 (Windows NT 10.0; Win64; x64) AppleWebKit/537.36 (KHTML, like Gecko) Chrome/78.0.3904.97 Safari/537.36\"\n","level":"info"}
{"message":"::1 - - [22/Nov/2019:12:17:35 +0000] \"GET /api/users/listAll HTTP/1.1\" 200 64157 \"http://localhost:3000/dashboard/users\" \"Mozilla/5.0 (Windows NT 10.0; Win64; x64) AppleWebKit/537.36 (KHTML, like Gecko) Chrome/78.0.3904.97 Safari/537.36\"\n","level":"info"}
{"message":"::1 - - [22/Nov/2019:12:18:14 +0000] \"OPTIONS /api/auth/signin HTTP/1.1\" 204 0 \"http://localhost:3000/main/signin\" \"Mozilla/5.0 (Windows NT 10.0; Win64; x64) AppleWebKit/537.36 (KHTML, like Gecko) Chrome/78.0.3904.97 Safari/537.36\"\n","level":"info"}
{"message":"::1 - - [22/Nov/2019:12:18:16 +0000] \"POST /api/auth/signin HTTP/1.1\" 200 758 \"http://localhost:3000/main/signin\" \"Mozilla/5.0 (Windows NT 10.0; Win64; x64) AppleWebKit/537.36 (KHTML, like Gecko) Chrome/78.0.3904.97 Safari/537.36\"\n","level":"info"}
{"message":"::1 - - [22/Nov/2019:12:18:17 +0000] \"OPTIONS /api/users/dashboard/admin HTTP/1.1\" 204 0 \"http://localhost:3000/dashboard\" \"Mozilla/5.0 (Windows NT 10.0; Win64; x64) AppleWebKit/537.36 (KHTML, like Gecko) Chrome/78.0.3904.97 Safari/537.36\"\n","level":"info"}
{"message":"::1 - - [22/Nov/2019:12:18:17 +0000] \"OPTIONS /api/process/user HTTP/1.1\" 204 0 \"http://localhost:3000/dashboard\" \"Mozilla/5.0 (Windows NT 10.0; Win64; x64) AppleWebKit/537.36 (KHTML, like Gecko) Chrome/78.0.3904.97 Safari/537.36\"\n","level":"info"}
{"message":"::1 - - [22/Nov/2019:12:18:17 +0000] \"OPTIONS /api/engines/user HTTP/1.1\" 204 0 \"http://localhost:3000/dashboard\" \"Mozilla/5.0 (Windows NT 10.0; Win64; x64) AppleWebKit/537.36 (KHTML, like Gecko) Chrome/78.0.3904.97 Safari/537.36\"\n","level":"info"}
{"message":"::1 - - [22/Nov/2019:12:18:17 +0000] \"GET /api/users/dashboard/admin HTTP/1.1\" 403 19 \"http://localhost:3000/dashboard\" \"Mozilla/5.0 (Windows NT 10.0; Win64; x64) AppleWebKit/537.36 (KHTML, like Gecko) Chrome/78.0.3904.97 Safari/537.36\"\n","level":"info"}
{"message":"::1 - - [22/Nov/2019:12:18:17 +0000] \"GET /api/process/user HTTP/1.1\" 200 2114 \"http://localhost:3000/dashboard\" \"Mozilla/5.0 (Windows NT 10.0; Win64; x64) AppleWebKit/537.36 (KHTML, like Gecko) Chrome/78.0.3904.97 Safari/537.36\"\n","level":"info"}
{"message":"::1 - - [22/Nov/2019:12:18:17 +0000] \"OPTIONS /api/users/dashboard/client HTTP/1.1\" 204 0 \"http://localhost:3000/dashboard\" \"Mozilla/5.0 (Windows NT 10.0; Win64; x64) AppleWebKit/537.36 (KHTML, like Gecko) Chrome/78.0.3904.97 Safari/537.36\"\n","level":"info"}
{"message":"::1 - - [22/Nov/2019:12:18:18 +0000] \"GET /api/engines/user HTTP/1.1\" 200 1193 \"http://localhost:3000/dashboard\" \"Mozilla/5.0 (Windows NT 10.0; Win64; x64) AppleWebKit/537.36 (KHTML, like Gecko) Chrome/78.0.3904.97 Safari/537.36\"\n","level":"info"}
{"message":"::1 - - [22/Nov/2019:12:18:21 +0000] \"GET /api/users/dashboard/client HTTP/1.1\" 304 - \"http://localhost:3000/dashboard\" \"Mozilla/5.0 (Windows NT 10.0; Win64; x64) AppleWebKit/537.36 (KHTML, like Gecko) Chrome/78.0.3904.97 Safari/537.36\"\n","level":"info"}
{"message":"::1 - - [22/Nov/2019:12:18:36 +0000] \"OPTIONS /api/process/processFile HTTP/1.1\" 204 0 \"http://localhost:3000/dashboard/process-services/new\" \"Mozilla/5.0 (Windows NT 10.0; Win64; x64) AppleWebKit/537.36 (KHTML, like Gecko) Chrome/78.0.3904.97 Safari/537.36\"\n","level":"info"}
{"message":"::1 - - [22/Nov/2019:12:18:42 +0000] \"POST /api/process/processFile HTTP/1.1\" 200 13 \"http://localhost:3000/dashboard/process-services/new\" \"Mozilla/5.0 (Windows NT 10.0; Win64; x64) AppleWebKit/537.36 (KHTML, like Gecko) Chrome/78.0.3904.97 Safari/537.36\"\n","level":"info"}
{"message":"::1 - - [22/Nov/2019:12:18:43 +0000] \"OPTIONS /api/process/process HTTP/1.1\" 204 0 \"http://localhost:3000/dashboard/process-services/new\" \"Mozilla/5.0 (Windows NT 10.0; Win64; x64) AppleWebKit/537.36 (KHTML, like Gecko) Chrome/78.0.3904.97 Safari/537.36\"\n","level":"info"}
{"message":"::1 - - [22/Nov/2019:12:18:46 +0000] \"GET /api/process/process HTTP/1.1\" 200 836 \"http://localhost:3000/dashboard/process-services/new\" \"Mozilla/5.0 (Windows NT 10.0; Win64; x64) AppleWebKit/537.36 (KHTML, like Gecko) Chrome/78.0.3904.97 Safari/537.36\"\n","level":"info"}
{"message":"::1 - - [22/Nov/2019:12:18:53 +0000] \"OPTIONS /api/process/process HTTP/1.1\" 204 0 \"http://localhost:3000/dashboard/process-services/new\" \"Mozilla/5.0 (Windows NT 10.0; Win64; x64) AppleWebKit/537.36 (KHTML, like Gecko) Chrome/78.0.3904.97 Safari/537.36\"\n","level":"info"}
{"message":"::1 - - [22/Nov/2019:12:18:54 +0000] \"GET /api/process/process HTTP/1.1\" 200 843 \"http://localhost:3000/dashboard/process-services/new\" \"Mozilla/5.0 (Windows NT 10.0; Win64; x64) AppleWebKit/537.36 (KHTML, like Gecko) Chrome/78.0.3904.97 Safari/537.36\"\n","level":"info"}
{"message":"::1 - - [22/Nov/2019:12:18:56 +0000] \"GET /api/process/process HTTP/1.1\" 304 - \"http://localhost:3000/dashboard/process-services/new\" \"Mozilla/5.0 (Windows NT 10.0; Win64; x64) AppleWebKit/537.36 (KHTML, like Gecko) Chrome/78.0.3904.97 Safari/537.36\"\n","level":"info"}
{"message":"::1 - - [22/Nov/2019:12:18:59 +0000] \"GET /api/process/process HTTP/1.1\" 304 - \"http://localhost:3000/dashboard/process-services/new\" \"Mozilla/5.0 (Windows NT 10.0; Win64; x64) AppleWebKit/537.36 (KHTML, like Gecko) Chrome/78.0.3904.97 Safari/537.36\"\n","level":"info"}
{"message":"::1 - - [22/Nov/2019:12:19:03 +0000] \"OPTIONS /api/process/process HTTP/1.1\" 204 0 \"http://localhost:3000/dashboard/process-services/new\" \"Mozilla/5.0 (Windows NT 10.0; Win64; x64) AppleWebKit/537.36 (KHTML, like Gecko) Chrome/78.0.3904.97 Safari/537.36\"\n","level":"info"}
{"message":"::1 - - [22/Nov/2019:12:19:04 +0000] \"GET /api/process/process HTTP/1.1\" 304 - \"http://localhost:3000/dashboard/process-services/new\" \"Mozilla/5.0 (Windows NT 10.0; Win64; x64) AppleWebKit/537.36 (KHTML, like Gecko) Chrome/78.0.3904.97 Safari/537.36\"\n","level":"info"}
{"message":"::1 - - [22/Nov/2019:12:19:09 +0000] \"GET /api/process/process HTTP/1.1\" 304 - \"http://localhost:3000/dashboard/process-services/new\" \"Mozilla/5.0 (Windows NT 10.0; Win64; x64) AppleWebKit/537.36 (KHTML, like Gecko) Chrome/78.0.3904.97 Safari/537.36\"\n","level":"info"}
{"message":"::1 - - [22/Nov/2019:12:19:14 +0000] \"OPTIONS /api/process/process HTTP/1.1\" 204 0 \"http://localhost:3000/dashboard/process-services/new\" \"Mozilla/5.0 (Windows NT 10.0; Win64; x64) AppleWebKit/537.36 (KHTML, like Gecko) Chrome/78.0.3904.97 Safari/537.36\"\n","level":"info"}
{"message":"::1 - - [22/Nov/2019:12:19:15 +0000] \"GET /api/process/process HTTP/1.1\" 304 - \"http://localhost:3000/dashboard/process-services/new\" \"Mozilla/5.0 (Windows NT 10.0; Win64; x64) AppleWebKit/537.36 (KHTML, like Gecko) Chrome/78.0.3904.97 Safari/537.36\"\n","level":"info"}
{"message":"::1 - - [22/Nov/2019:12:19:19 +0000] \"GET /api/process/process HTTP/1.1\" 304 - \"http://localhost:3000/dashboard/process-services/new\" \"Mozilla/5.0 (Windows NT 10.0; Win64; x64) AppleWebKit/537.36 (KHTML, like Gecko) Chrome/78.0.3904.97 Safari/537.36\"\n","level":"info"}
{"message":"::1 - - [22/Nov/2019:12:19:24 +0000] \"OPTIONS /api/process/process HTTP/1.1\" 204 0 \"http://localhost:3000/dashboard/process-services/new\" \"Mozilla/5.0 (Windows NT 10.0; Win64; x64) AppleWebKit/537.36 (KHTML, like Gecko) Chrome/78.0.3904.97 Safari/537.36\"\n","level":"info"}
{"message":"::1 - - [22/Nov/2019:12:19:25 +0000] \"GET /api/process/process HTTP/1.1\" 304 - \"http://localhost:3000/dashboard/process-services/new\" \"Mozilla/5.0 (Windows NT 10.0; Win64; x64) AppleWebKit/537.36 (KHTML, like Gecko) Chrome/78.0.3904.97 Safari/537.36\"\n","level":"info"}
